2014-12-01 13:40:41 6184 [Note] Plugin 'FEDERATED' is disabled.
2014-12-01 13:40:41 6184 [Note] InnoDB: The InnoDB memory heap is disabled
2014-12-01 13:40:41 6184 [Note] InnoDB: Mutexes and rw_locks use Windows interlocked functions
2014-12-01 13:40:41 6184 [Note] InnoDB: Compressed tables use zlib 1.2.3
2014-12-01 13:40:41 6184 [Note] InnoDB: Not using CPU crc32 instructions
2014-12-01 13:40:41 6184 [Note] InnoDB: Initializing buffer pool, size = 128.0M
2014-12-01 13:40:41 6184 [Note] InnoDB: Completed initialization of buffer pool
2014-12-01 13:40:41 6184 [Note] InnoDB: Setting log file F:\Programmeren 4\USBWebserver v8.6\mysql\data\ib_logfile101 size to 5 MB
2014-12-01 13:40:41 6184 [Note] InnoDB: Setting log file F:\Programmeren 4\USBWebserver v8.6\mysql\data\ib_logfile1 size to 5 MB
2014-12-01 13:40:42 6184 [Note] InnoDB: Renaming log file F:\Programmeren 4\USBWebserver v8.6\mysql\data\ib_logfile101 to F:\Programmeren 4\USBWebserver v8.6\mysql\data\ib_logfile0
2014-12-01 13:40:42 6184 [Warning] InnoDB: New log files created, LSN=1626134
2014-12-01 13:40:42 6184 [Note] InnoDB: Highest supported file format is Barracuda.
2014-12-01 13:40:43 6184 [Note] InnoDB: 128 rollback segment(s) are active.
2014-12-01 13:40:43 6184 [Note] InnoDB: Waiting for purge to start
2014-12-01 13:40:43 6184 [Note] InnoDB: 5.6.13 started; log sequence number 1626636
2014-12-01 13:40:43 6184 [Warning] No existing UUID has been found, so we assume that this is the first time that this server has been started. Generating a new UUID: 43bac1ea-7957-11e4-9f6f-f8bc1272341f.
2014-12-01 13:40:43 6184 [Note] Server hostname (bind-address): '*'; port: 3307
2014-12-01 13:40:43 6184 [Note] IPv6 is available.
2014-12-01 13:40:43 6184 [Note]   - '::' resolves to '::';
2014-12-01 13:40:43 6184 [Note] Server socket created on IP: '::'.
2014-12-01 13:40:44 6184 [Note] Event Scheduler: Loaded 0 events
2014-12-01 13:40:44 6184 [Note] F:\Programmeren 4\USBWebserver v8.6/mysql/bin/mysqld_usbwv8.exe: ready for connections.
Version: '5.6.13'  socket: ''  port: 3307  MySQL Community Server (GPL)
